
=== Tue Aug 20 15:17:00 2019

Packages were changed.
Update Mode: mergeDefaultDependencies

The following packages were added:
  com.unity.package-manager-ui@2.2.0
  com.unity.ext.nunit@1.0.0
  com.unity.test-framework@1.0.13
  com.unity.ide.vscode@1.0.7
  com.unity.ide.rider@1.0.8
  com.unity.ugui@1.0.0
  com.unity.modules.androidjni@1.0.0
The following packages were updated:
  com.unity.collab-proxy from version 1.2.9 to 1.2.16
  com.unity.textmeshpro from version 2.0.0 to 2.0.1
  com.unity.timeline from version 0.0.0-builtin to 1.1.0

=== Fri Aug 23 12:07:32 2019

Packages were changed.
Update Mode: updateDependencies

The following packages were updated:
  com.unity.ide.rider from version 1.0.8 to 1.1.0

=== Tue Sep  3 08:44:23 2019

Packages were changed.
Update Mode: updateDependencies

The following packages were updated:
  com.unity.ide.vscode from version 1.0.7 to 1.1.0

=== Mon Oct  7 13:19:38 2019

Packages were changed.
Update Mode: updateDependencies

The following packages were updated:
  com.unity.ide.vscode from version 1.1.0 to 1.1.2

=== Tue Apr  7 18:58:31 2020

Packages were changed.
Update Mode: updateDependencies

The following packages were updated:
  com.unity.ide.rider from version 1.1.0 to 1.1.4
  com.unity.ide.vscode from version 1.1.2 to 1.1.4
  com.unity.test-framework from version 1.0.13 to 1.1.13
  com.unity.timeline from version 1.1.0 to 1.2.6
The following packages were removed:
  com.unity.package-manager-ui@2.2.0

=== Mon Aug  3 13:19:36 2020

Packages were changed.
Update Mode: updateDependencies

The following packages were added:
  com.unity.ide.visualstudio@2.0.2
The following packages were updated:
  com.unity.collab-proxy from version 1.2.16 to 1.3.8
  com.unity.ide.rider from version 1.1.4 to 1.2.1
  com.unity.ide.vscode from version 1.1.4 to 1.2.1
  com.unity.test-framework from version 1.1.13 to 1.1.14
  com.unity.textmeshpro from version 2.0.1 to 3.0.0-preview.1
